# 2026-01-19
Merge: **main** → **test**
Conflict Resolution: **main** overwrote **test**
**test** Commit Hash: 
- [[LOG.log]]
- [[Snow-White_Journal.sh]]
---
# 2026-01-19
Merge: **main** → **test**
Conflict Resolution: **main** overwrote **test**
**test** Commit Hash: 
- [[LOG.log]]
- [[Snow-White_Journal.sh]]
---
# 2026-01-19
Merge: **main** → **test**
Conflict Resolution: **main** overwrote **test**
**test** Commit Hash: 
- [[LOG.log]]
- [[Snow-White_Journal.sh]]
---
# 2026-01-19
Merge: **main** → **test**
Conflict Resolution: **main** overwrote **test**
**test** Commit Hash: 
- [[LOG.log]]
- [[Snow-White_Journal.sh]]
---
